[ 2015-08-31T21:22:30+08:00 ] ::1 /
INFO: [ app_init ] --START--
INFO: Run Behavior\BuildLiteBehavior [ RunTime:0.000075s ]
INFO: [ app_init ] --END-- [ RunTime:0.000478s ]
INFO: [ app_begin ] --START--
INFO: Run Behavior\ReadHtmlCacheBehavior [ RunTime:0.002463s ]
INFO: [ app_begin ] --END-- [ RunTime:0.002781s ]
NOTIC: [8192] mysql_connect(): The mysql extension is deprecated and will be removed in the future: use mysqli or PDO instead C:\yzp\secret\minephp\ppker\Core\Library\Think\Session\Driver\Db.class.php 第 95 行.
SQL: SHOW COLUMNS FROM `operation_log` [ RunTime:0.0787s ]
NOTIC: [8] Undefined index: allController C:\yzp\secret\minephp\app\Common\Controller\DxExtCommonController.class.php 第 150 行.
NOTIC: [2] array_values() expects parameter 1 to be array, null given C:\yzp\secret\minephp\app\Common\Controller\DxExtCommonController.class.php 第 156 行.
NOTIC: [8] Undefined index: real_name C:\yzp\secret\minephp\app\Common\Controller\DxExtCommonController.class.php 第 163 行.
NOTIC: [8] Undefined index: account_id C:\yzp\secret\minephp\app\Common\Controller\DxExtCommonController.class.php 第 167 行.
NOTIC: [2048] Non-static method Common\Controller\DxFunction::getModuleControllerForMe() should not be called statically, assuming $this from incompatible context C:\yzp\secret\minephp\app\Common\Controller\DxExtCommonController.class.php 第 39 行.
NOTIC: [2048] Non-static method Common\Controller\DxFunction::checkNotAuth() should not be called statically, assuming $this from incompatible context C:\yzp\secret\minephp\app\Common\Controller\DxExtCommonController.class.php 第 40 行.
NOTIC: [2048] Non-static method Common\Controller\DxFunction::checkInNotArray() should not be called statically, assuming $this from incompatible context C:\yzp\secret\minephp\app\Common\Controller\DxFunction.class.php 第 206 行.

[ 2015-08-31T21:22:31+08:00 ] ::1 /Home/Public/login
INFO: [ app_init ] --START--
INFO: Run Behavior\BuildLiteBehavior [ RunTime:0.000045s ]
INFO: [ app_init ] --END-- [ RunTime:0.000272s ]
INFO: [ app_begin ] --START--
INFO: Run Behavior\ReadHtmlCacheBehavior [ RunTime:0.001312s ]
INFO: [ app_begin ] --END-- [ RunTime:0.001507s ]
NOTIC: [8192] mysql_connect(): The mysql extension is deprecated and will be removed in the future: use mysqli or PDO instead C:\yzp\secret\minephp\ppker\Core\Library\Think\Session\Driver\Db.class.php 第 95 行.
SQL: SHOW COLUMNS FROM `operation_log` [ RunTime:0.0035s ]
NOTIC: [8] Undefined index: allController C:\yzp\secret\minephp\app\Common\Controller\DxExtCommonController.class.php 第 150 行.
NOTIC: [2] array_values() expects parameter 1 to be array, null given C:\yzp\secret\minephp\app\Common\Controller\DxExtCommonController.class.php 第 156 行.
NOTIC: [8] Undefined index: real_name C:\yzp\secret\minephp\app\Common\Controller\DxExtCommonController.class.php 第 163 行.
NOTIC: [8] Undefined index: account_id C:\yzp\secret\minephp\app\Common\Controller\DxExtCommonController.class.php 第 167 行.
NOTIC: [2048] Non-static method Common\Controller\DxFunction::getModuleControllerForMe() should not be called statically, assuming $this from incompatible context C:\yzp\secret\minephp\app\Common\Controller\DxExtCommonController.class.php 第 39 行.
NOTIC: [2048] Non-static method Common\Controller\DxFunction::checkNotAuth() should not be called statically, assuming $this from incompatible context C:\yzp\secret\minephp\app\Common\Controller\DxExtCommonController.class.php 第 40 行.
NOTIC: [2048] Non-static method Common\Controller\DxFunction::checkInNotArray() should not be called statically, assuming $this from incompatible context C:\yzp\secret\minephp\app\Common\Controller\DxFunction.class.php 第 206 行.
INFO: [ view_parse ] --START--
INFO: [ template_filter ] --START--
INFO: Run Behavior\ContentReplaceBehavior [ RunTime:0.000099s ]
INFO: [ template_filter ] --END-- [ RunTime:0.000277s ]
INFO: Run Behavior\ParseTemplateBehavior [ RunTime:0.057675s ]
INFO: [ view_parse ] --END-- [ RunTime:0.057945s ]
INFO: [ view_filter ] --START--
INFO: Run Behavior\WriteHtmlCacheBehavior [ RunTime:0.002687s ]
INFO: [ view_filter ] --END-- [ RunTime:0.002885s ]
INFO: [ app_end ] --START--
INFO: Run Behavior\ShowPageTraceBehavior [ RunTime:0.001293s ]
INFO: [ app_end ] --END-- [ RunTime:0.001433s ]

[ 2015-08-31T21:49:19+08:00 ] ::1 /Home/Public/login
INFO: [ app_init ] --START--
INFO: Run Behavior\BuildLiteBehavior [ RunTime:0.000030s ]
INFO: [ app_init ] --END-- [ RunTime:0.000197s ]
INFO: [ app_begin ] --START--
INFO: Run Behavior\ReadHtmlCacheBehavior [ RunTime:0.000750s ]
INFO: [ app_begin ] --END-- [ RunTime:0.000900s ]
NOTIC: [8192] mysql_connect(): The mysql extension is deprecated and will be removed in the future: use mysqli or PDO instead C:\yzp\secret\minephp\ppker\Core\Library\Think\Session\Driver\Db.class.php 第 95 行.
SQL: SHOW COLUMNS FROM `operation_log` [ RunTime:0.0236s ]
NOTIC: [8] Undefined index: allController C:\yzp\secret\minephp\app\Common\Controller\DxExtCommonController.class.php 第 150 行.
NOTIC: [2] array_values() expects parameter 1 to be array, null given C:\yzp\secret\minephp\app\Common\Controller\DxExtCommonController.class.php 第 156 行.
NOTIC: [8] Undefined index: real_name C:\yzp\secret\minephp\app\Common\Controller\DxExtCommonController.class.php 第 163 行.
NOTIC: [8] Undefined index: account_id C:\yzp\secret\minephp\app\Common\Controller\DxExtCommonController.class.php 第 167 行.
NOTIC: [2048] Non-static method Common\Controller\DxFunction::getModuleControllerForMe() should not be called statically, assuming $this from incompatible context C:\yzp\secret\minephp\app\Common\Controller\DxExtCommonController.class.php 第 39 行.
NOTIC: [2048] Non-static method Common\Controller\DxFunction::checkNotAuth() should not be called statically, assuming $this from incompatible context C:\yzp\secret\minephp\app\Common\Controller\DxExtCommonController.class.php 第 40 行.
NOTIC: [2048] Non-static method Common\Controller\DxFunction::checkInNotArray() should not be called statically, assuming $this from incompatible context C:\yzp\secret\minephp\app\Common\Controller\DxFunction.class.php 第 206 行.
INFO: [ view_parse ] --START--
INFO: [ template_filter ] --START--
INFO: Run Behavior\ContentReplaceBehavior [ RunTime:0.000085s ]
INFO: [ template_filter ] --END-- [ RunTime:0.000255s ]
INFO: Run Behavior\ParseTemplateBehavior [ RunTime:0.009843s ]
INFO: [ view_parse ] --END-- [ RunTime:0.010021s ]
INFO: [ view_filter ] --START--
INFO: Run Behavior\WriteHtmlCacheBehavior [ RunTime:0.009255s ]
INFO: [ view_filter ] --END-- [ RunTime:0.009418s ]
INFO: [ app_end ] --START--
INFO: Run Behavior\ShowPageTraceBehavior [ RunTime:0.001313s ]
INFO: [ app_end ] --END-- [ RunTime:0.001505s ]

[ 2015-08-31T23:11:36+08:00 ] ::1 /Home/Public/login
INFO: [ app_init ] --START--
INFO: Run Behavior\BuildLiteBehavior [ RunTime:0.000030s ]
INFO: [ app_init ] --END-- [ RunTime:0.000177s ]
INFO: [ app_begin ] --START--
INFO: Run Behavior\ReadHtmlCacheBehavior [ RunTime:0.001041s ]
INFO: [ app_begin ] --END-- [ RunTime:0.001203s ]
NOTIC: [8192] mysql_connect(): The mysql extension is deprecated and will be removed in the future: use mysqli or PDO instead C:\yzp\secret\minephp\ppker\Core\Library\Think\Session\Driver\Db.class.php 第 95 行.
SQL: SHOW COLUMNS FROM `operation_log` [ RunTime:0.0218s ]
NOTIC: [8] Undefined index: allController C:\yzp\secret\minephp\app\Common\Controller\DxExtCommonController.class.php 第 150 行.
NOTIC: [2] array_values() expects parameter 1 to be array, null given C:\yzp\secret\minephp\app\Common\Controller\DxExtCommonController.class.php 第 156 行.
NOTIC: [8] Undefined index: real_name C:\yzp\secret\minephp\app\Common\Controller\DxExtCommonController.class.php 第 163 行.
NOTIC: [8] Undefined index: account_id C:\yzp\secret\minephp\app\Common\Controller\DxExtCommonController.class.php 第 167 行.
NOTIC: [2048] Non-static method Common\Controller\DxFunction::getModuleControllerForMe() should not be called statically, assuming $this from incompatible context C:\yzp\secret\minephp\app\Common\Controller\DxExtCommonController.class.php 第 39 行.
NOTIC: [2048] Non-static method Common\Controller\DxFunction::checkNotAuth() should not be called statically, assuming $this from incompatible context C:\yzp\secret\minephp\app\Common\Controller\DxExtCommonController.class.php 第 40 行.
NOTIC: [2048] Non-static method Common\Controller\DxFunction::checkInNotArray() should not be called statically, assuming $this from incompatible context C:\yzp\secret\minephp\app\Common\Controller\DxFunction.class.php 第 206 行.
INFO: [ view_parse ] --START--
INFO: [ template_filter ] --START--
INFO: Run Behavior\ContentReplaceBehavior [ RunTime:0.000075s ]
INFO: [ template_filter ] --END-- [ RunTime:0.000245s ]
INFO: Run Behavior\ParseTemplateBehavior [ RunTime:0.020530s ]
INFO: [ view_parse ] --END-- [ RunTime:0.020733s ]
INFO: [ view_filter ] --START--
INFO: Run Behavior\WriteHtmlCacheBehavior [ RunTime:0.000856s ]
INFO: [ view_filter ] --END-- [ RunTime:0.001001s ]
INFO: [ app_end ] --START--
INFO: Run Behavior\ShowPageTraceBehavior [ RunTime:0.000970s ]
INFO: [ app_end ] --END-- [ RunTime:0.001096s ]

