[ 2015-09-10T14:28:07+08:00 ] ::1 /
INFO: [ app_init ] --START--
INFO: Run Behavior\BuildLiteBehavior [ RunTime:0.000041s ]
INFO: [ app_init ] --END-- [ RunTime:0.000255s ]
INFO: [ app_begin ] --START--
INFO: Run Behavior\ReadHtmlCacheBehavior [ RunTime:0.001862s ]
INFO: [ app_begin ] --END-- [ RunTime:0.002134s ]
NOTIC: [8192] mysql_connect(): The mysql extension is deprecated and will be removed in the future: use mysqli or PDO instead C:\yzp\secret\minephp\ppker\Core\Library\Think\Session\Driver\Db.class.php 第 95 行.
SQL: SHOW COLUMNS FROM `operation_log` [ RunTime:0.1310s ]
NOTIC: [8] Undefined index: allController C:\yzp\secret\minephp\app\Common\Controller\DxExtCommonController.class.php 第 150 行.
NOTIC: [2] array_values() expects parameter 1 to be array, null given C:\yzp\secret\minephp\app\Common\Controller\DxExtCommonController.class.php 第 156 行.
NOTIC: [8] Undefined index: real_name C:\yzp\secret\minephp\app\Common\Controller\DxExtCommonController.class.php 第 163 行.
NOTIC: [8] Undefined index: account_id C:\yzp\secret\minephp\app\Common\Controller\DxExtCommonController.class.php 第 167 行.
NOTIC: [2048] Non-static method Common\Controller\DxFunction::getModuleControllerForMe() should not be called statically, assuming $this from incompatible context C:\yzp\secret\minephp\app\Common\Controller\DxExtCommonController.class.php 第 39 行.
NOTIC: [2048] Non-static method Common\Controller\DxFunction::checkNotAuth() should not be called statically, assuming $this from incompatible context C:\yzp\secret\minephp\app\Common\Controller\DxExtCommonController.class.php 第 40 行.
NOTIC: [2048] Non-static method Common\Controller\DxFunction::checkInNotArray() should not be called statically, assuming $this from incompatible context C:\yzp\secret\minephp\app\Common\Controller\DxFunction.class.php 第 206 行.

[ 2015-09-10T14:28:08+08:00 ] ::1 /Home/Public/login
INFO: [ app_init ] --START--
INFO: Run Behavior\BuildLiteBehavior [ RunTime:0.000057s ]
INFO: [ app_init ] --END-- [ RunTime:0.000296s ]
INFO: [ app_begin ] --START--
INFO: Run Behavior\ReadHtmlCacheBehavior [ RunTime:0.000797s ]
INFO: [ app_begin ] --END-- [ RunTime:0.000939s ]
NOTIC: [8192] mysql_connect(): The mysql extension is deprecated and will be removed in the future: use mysqli or PDO instead C:\yzp\secret\minephp\ppker\Core\Library\Think\Session\Driver\Db.class.php 第 95 行.
SQL: SHOW COLUMNS FROM `operation_log` [ RunTime:0.0440s ]
NOTIC: [8] Undefined index: allController C:\yzp\secret\minephp\app\Common\Controller\DxExtCommonController.class.php 第 150 行.
NOTIC: [2] array_values() expects parameter 1 to be array, null given C:\yzp\secret\minephp\app\Common\Controller\DxExtCommonController.class.php 第 156 行.
NOTIC: [8] Undefined index: real_name C:\yzp\secret\minephp\app\Common\Controller\DxExtCommonController.class.php 第 163 行.
NOTIC: [8] Undefined index: account_id C:\yzp\secret\minephp\app\Common\Controller\DxExtCommonController.class.php 第 167 行.
NOTIC: [2048] Non-static method Common\Controller\DxFunction::getModuleControllerForMe() should not be called statically, assuming $this from incompatible context C:\yzp\secret\minephp\app\Common\Controller\DxExtCommonController.class.php 第 39 行.
NOTIC: [2048] Non-static method Common\Controller\DxFunction::checkNotAuth() should not be called statically, assuming $this from incompatible context C:\yzp\secret\minephp\app\Common\Controller\DxExtCommonController.class.php 第 40 行.
NOTIC: [2048] Non-static method Common\Controller\DxFunction::checkInNotArray() should not be called statically, assuming $this from incompatible context C:\yzp\secret\minephp\app\Common\Controller\DxFunction.class.php 第 206 行.
INFO: [ view_parse ] --START--
INFO: [ template_filter ] --START--
INFO: Run Behavior\ContentReplaceBehavior [ RunTime:0.000071s ]
INFO: [ template_filter ] --END-- [ RunTime:0.000198s ]
INFO: Run Behavior\ParseTemplateBehavior [ RunTime:0.093255s ]
INFO: [ view_parse ] --END-- [ RunTime:0.093472s ]
INFO: [ view_filter ] --START--
INFO: Run Behavior\WriteHtmlCacheBehavior [ RunTime:0.012682s ]
INFO: [ view_filter ] --END-- [ RunTime:0.012835s ]
INFO: [ app_end ] --START--
INFO: Run Behavior\ShowPageTraceBehavior [ RunTime:0.010030s ]
INFO: [ app_end ] --END-- [ RunTime:0.010217s ]

[ 2015-09-10T14:28:23+08:00 ] ::1 /Home/Index
INFO: [ app_init ] --START--
INFO: Run Behavior\BuildLiteBehavior [ RunTime:0.000050s ]
INFO: [ app_init ] --END-- [ RunTime:0.000292s ]
INFO: [ app_begin ] --START--
INFO: Run Behavior\ReadHtmlCacheBehavior [ RunTime:0.000720s ]
INFO: [ app_begin ] --END-- [ RunTime:0.000924s ]
NOTIC: [8192] mysql_connect(): The mysql extension is deprecated and will be removed in the future: use mysqli or PDO instead C:\yzp\secret\minephp\ppker\Core\Library\Think\Session\Driver\Db.class.php 第 95 行.
SQL: SHOW COLUMNS FROM `operation_log` [ RunTime:0.0035s ]
NOTIC: [8] Undefined index: allController C:\yzp\secret\minephp\app\Common\Controller\DxExtCommonController.class.php 第 150 行.
NOTIC: [2] array_values() expects parameter 1 to be array, null given C:\yzp\secret\minephp\app\Common\Controller\DxExtCommonController.class.php 第 156 行.
SQL: INSERT INTO `operation_log` (`ip`,`controller`,`module`,`controller_name`,`account_name`,`account_id`,`over_pri`,`options`) VALUES ('0.0.0.0_::1','Index','Home','','admin','1','0','array (
  \'minephp\' => \'avc9qhr7p2ilp09rah1vnjoio4\',
)') [ RunTime:0.0003s ]
NOTIC: [2048] Non-static method Common\Controller\DxFunction::getModuleControllerForMe() should not be called statically, assuming $this from incompatible context C:\yzp\secret\minephp\app\Common\Controller\DxExtCommonController.class.php 第 39 行.
NOTIC: [2048] Non-static method Common\Controller\DxFunction::checkNotAuth() should not be called statically, assuming $this from incompatible context C:\yzp\secret\minephp\app\Common\Controller\DxExtCommonController.class.php 第 40 行.
NOTIC: [2048] Non-static method Common\Controller\DxFunction::checkInNotArray() should not be called statically, assuming $this from incompatible context C:\yzp\secret\minephp\app\Common\Controller\DxFunction.class.php 第 206 行.
INFO: [ view_parse ] --START--
NOTIC: [2] file_get_contents(/DxInfo/DxTpl/footer.html): failed to open stream: No such file or directory C:\yzp\secret\minephp\ppker\Core\Library\Think\Template.class.php 第 696 行.
INFO: [ template_filter ] --START--
INFO: Run Behavior\ContentReplaceBehavior [ RunTime:0.000521s ]
INFO: [ template_filter ] --END-- [ RunTime:0.000739s ]
INFO: Run Behavior\ParseTemplateBehavior [ RunTime:0.098368s ]
INFO: [ view_parse ] --END-- [ RunTime:0.098704s ]
INFO: [ view_filter ] --START--
INFO: Run Behavior\WriteHtmlCacheBehavior [ RunTime:0.000781s ]
INFO: [ view_filter ] --END-- [ RunTime:0.000997s ]
INFO: [ app_end ] --START--
INFO: Run Behavior\ShowPageTraceBehavior [ RunTime:0.001007s ]
INFO: [ app_end ] --END-- [ RunTime:0.001340s ]

[ 2015-09-10T14:29:00+08:00 ] ::1 /Home/account
INFO: [ app_init ] --START--
INFO: Run Behavior\BuildLiteBehavior [ RunTime:0.000024s ]
INFO: [ app_init ] --END-- [ RunTime:0.000145s ]
INFO: [ app_begin ] --START--
INFO: Run Behavior\ReadHtmlCacheBehavior [ RunTime:0.000642s ]
INFO: [ app_begin ] --END-- [ RunTime:0.000756s ]
NOTIC: [8192] mysql_connect(): The mysql extension is deprecated and will be removed in the future: use mysqli or PDO instead C:\yzp\secret\minephp\ppker\Core\Library\Think\Session\Driver\Db.class.php 第 95 行.
SQL: SHOW COLUMNS FROM `operation_log` [ RunTime:0.0041s ]
NOTIC: [8] Undefined index: allController C:\yzp\secret\minephp\app\Common\Controller\DxExtCommonController.class.php 第 150 行.
NOTIC: [2] array_values() expects parameter 1 to be array, null given C:\yzp\secret\minephp\app\Common\Controller\DxExtCommonController.class.php 第 156 行.
SQL: INSERT INTO `operation_log` (`ip`,`controller`,`module`,`controller_name`,`account_name`,`account_id`,`over_pri`,`options`) VALUES ('0.0.0.0_::1','Account','Home','','admin','1','0','array (
  \'minephp\' => \'avc9qhr7p2ilp09rah1vnjoio4\',
)') [ RunTime:0.0007s ]
NOTIC: [2048] Non-static method Common\Controller\DxFunction::getModuleControllerForMe() should not be called statically, assuming $this from incompatible context C:\yzp\secret\minephp\app\Common\Controller\DxExtCommonController.class.php 第 39 行.
NOTIC: [2048] Non-static method Common\Controller\DxFunction::checkNotAuth() should not be called statically, assuming $this from incompatible context C:\yzp\secret\minephp\app\Common\Controller\DxExtCommonController.class.php 第 40 行.
NOTIC: [2048] Non-static method Common\Controller\DxFunction::checkInNotArray() should not be called statically, assuming $this from incompatible context C:\yzp\secret\minephp\app\Common\Controller\DxFunction.class.php 第 206 行.
SQL: SHOW COLUMNS FROM `account` [ RunTime:0.0035s ]
SQL: SHOW COLUMNS FROM `role` [ RunTime:0.0044s ]
SQL: SELECT `role_id`,`name` FROM `role` ORDER BY `order` asc  [ RunTime:0.0003s ]
INFO: [ view_parse ] --START--
NOTIC: [2] file_get_contents(/DxInfo/DxTpl/footer.html): failed to open stream: No such file or directory C:\yzp\secret\minephp\ppker\Core\Library\Think\Template.class.php 第 696 行.
INFO: [ template_filter ] --START--
INFO: Run Behavior\ContentReplaceBehavior [ RunTime:0.000191s ]
INFO: [ template_filter ] --END-- [ RunTime:0.000308s ]
NOTIC: [8] Undefined variable: modelInfo C:\yzp\secret\minephp\data\runtime\Cache\Home\5d2efa6b2b2806326afbf20ef1966273.php 第 447 行.
NOTIC: [8] Undefined variable: modelInfo C:\yzp\secret\minephp\data\runtime\Cache\Home\5d2efa6b2b2806326afbf20ef1966273.php 第 493 行.
NOTIC: [8] Undefined variable: modelInfo C:\yzp\secret\minephp\data\runtime\Cache\Home\5d2efa6b2b2806326afbf20ef1966273.php 第 525 行.
NOTIC: [8] Use of undefined constant dataList - assumed 'dataList' C:\yzp\secret\minephp\data\runtime\Cache\Home\5d2efa6b2b2806326afbf20ef1966273.php 第 558 行.
INFO: Run Behavior\ParseTemplateBehavior [ RunTime:0.065654s ]
INFO: [ view_parse ] --END-- [ RunTime:0.065786s ]
INFO: [ view_filter ] --START--
INFO: Run Behavior\WriteHtmlCacheBehavior [ RunTime:0.000447s ]
INFO: [ view_filter ] --END-- [ RunTime:0.000571s ]
INFO: [ app_end ] --START--
INFO: Run Behavior\ShowPageTraceBehavior [ RunTime:0.000902s ]
INFO: [ app_end ] --END-- [ RunTime:0.001118s ]

