[ 2015-09-06T07:37:30+08:00 ] ::1 /
INFO: [ app_init ] --START--
INFO: Run Behavior\BuildLiteBehavior [ RunTime:0.000041s ]
INFO: [ app_init ] --END-- [ RunTime:0.000233s ]
INFO: [ app_begin ] --START--
INFO: Run Behavior\ReadHtmlCacheBehavior [ RunTime:0.006914s ]
INFO: [ app_begin ] --END-- [ RunTime:0.007144s ]
NOTIC: [8192] mysql_connect(): The mysql extension is deprecated and will be removed in the future: use mysqli or PDO instead C:\yzp\secret\minephp\ppker\Core\Library\Think\Session\Driver\Db.class.php 第 95 行.
SQL: SHOW COLUMNS FROM `operation_log` [ RunTime:0.0618s ]
NOTIC: [8] Undefined index: allController C:\yzp\secret\minephp\app\Common\Controller\DxExtCommonController.class.php 第 150 行.
NOTIC: [2] array_values() expects parameter 1 to be array, null given C:\yzp\secret\minephp\app\Common\Controller\DxExtCommonController.class.php 第 156 行.
NOTIC: [8] Undefined index: real_name C:\yzp\secret\minephp\app\Common\Controller\DxExtCommonController.class.php 第 163 行.
NOTIC: [8] Undefined index: account_id C:\yzp\secret\minephp\app\Common\Controller\DxExtCommonController.class.php 第 167 行.
NOTIC: [2048] Non-static method Common\Controller\DxFunction::getModuleControllerForMe() should not be called statically, assuming $this from incompatible context C:\yzp\secret\minephp\app\Common\Controller\DxExtCommonController.class.php 第 39 行.
NOTIC: [2048] Non-static method Common\Controller\DxFunction::checkNotAuth() should not be called statically, assuming $this from incompatible context C:\yzp\secret\minephp\app\Common\Controller\DxExtCommonController.class.php 第 40 行.
NOTIC: [2048] Non-static method Common\Controller\DxFunction::checkInNotArray() should not be called statically, assuming $this from incompatible context C:\yzp\secret\minephp\app\Common\Controller\DxFunction.class.php 第 206 行.

[ 2015-09-06T07:37:30+08:00 ] ::1 /Home/Public/login
INFO: [ app_init ] --START--
INFO: Run Behavior\BuildLiteBehavior [ RunTime:0.000027s ]
INFO: [ app_init ] --END-- [ RunTime:0.000159s ]
INFO: [ app_begin ] --START--
INFO: Run Behavior\ReadHtmlCacheBehavior [ RunTime:0.000997s ]
INFO: [ app_begin ] --END-- [ RunTime:0.001138s ]
NOTIC: [8192] mysql_connect(): The mysql extension is deprecated and will be removed in the future: use mysqli or PDO instead C:\yzp\secret\minephp\ppker\Core\Library\Think\Session\Driver\Db.class.php 第 95 行.
SQL: SHOW COLUMNS FROM `operation_log` [ RunTime:0.0145s ]
NOTIC: [8] Undefined index: allController C:\yzp\secret\minephp\app\Common\Controller\DxExtCommonController.class.php 第 150 行.
NOTIC: [2] array_values() expects parameter 1 to be array, null given C:\yzp\secret\minephp\app\Common\Controller\DxExtCommonController.class.php 第 156 行.
NOTIC: [8] Undefined index: real_name C:\yzp\secret\minephp\app\Common\Controller\DxExtCommonController.class.php 第 163 行.
NOTIC: [8] Undefined index: account_id C:\yzp\secret\minephp\app\Common\Controller\DxExtCommonController.class.php 第 167 行.
NOTIC: [2048] Non-static method Common\Controller\DxFunction::getModuleControllerForMe() should not be called statically, assuming $this from incompatible context C:\yzp\secret\minephp\app\Common\Controller\DxExtCommonController.class.php 第 39 行.
NOTIC: [2048] Non-static method Common\Controller\DxFunction::checkNotAuth() should not be called statically, assuming $this from incompatible context C:\yzp\secret\minephp\app\Common\Controller\DxExtCommonController.class.php 第 40 行.
NOTIC: [2048] Non-static method Common\Controller\DxFunction::checkInNotArray() should not be called statically, assuming $this from incompatible context C:\yzp\secret\minephp\app\Common\Controller\DxFunction.class.php 第 206 行.
INFO: [ view_parse ] --START--
INFO: [ template_filter ] --START--
INFO: Run Behavior\ContentReplaceBehavior [ RunTime:0.000081s ]
INFO: [ template_filter ] --END-- [ RunTime:0.000227s ]
INFO: Run Behavior\ParseTemplateBehavior [ RunTime:0.100044s ]
INFO: [ view_parse ] --END-- [ RunTime:0.100273s ]
INFO: [ view_filter ] --START--
INFO: Run Behavior\WriteHtmlCacheBehavior [ RunTime:0.031671s ]
INFO: [ view_filter ] --END-- [ RunTime:0.031862s ]
INFO: [ app_end ] --START--
INFO: Run Behavior\ShowPageTraceBehavior [ RunTime:0.009922s ]
INFO: [ app_end ] --END-- [ RunTime:0.010115s ]

[ 2015-09-06T07:37:44+08:00 ] ::1 /Home/Public/login
INFO: [ app_init ] --START--
INFO: Run Behavior\BuildLiteBehavior [ RunTime:0.000026s ]
INFO: [ app_init ] --END-- [ RunTime:0.000162s ]
INFO: [ app_begin ] --START--
INFO: Run Behavior\ReadHtmlCacheBehavior [ RunTime:0.001574s ]
INFO: [ app_begin ] --END-- [ RunTime:0.001917s ]
NOTIC: [8192] mysql_connect(): The mysql extension is deprecated and will be removed in the future: use mysqli or PDO instead C:\yzp\secret\minephp\ppker\Core\Library\Think\Session\Driver\Db.class.php 第 95 行.
SQL: SHOW COLUMNS FROM `operation_log` [ RunTime:0.0049s ]
NOTIC: [8] Undefined index: allController C:\yzp\secret\minephp\app\Common\Controller\DxExtCommonController.class.php 第 150 行.
NOTIC: [2] array_values() expects parameter 1 to be array, null given C:\yzp\secret\minephp\app\Common\Controller\DxExtCommonController.class.php 第 156 行.
NOTIC: [8] Undefined index: real_name C:\yzp\secret\minephp\app\Common\Controller\DxExtCommonController.class.php 第 163 行.
NOTIC: [8] Undefined index: account_id C:\yzp\secret\minephp\app\Common\Controller\DxExtCommonController.class.php 第 167 行.
NOTIC: [2048] Non-static method Common\Controller\DxFunction::getModuleControllerForMe() should not be called statically, assuming $this from incompatible context C:\yzp\secret\minephp\app\Common\Controller\DxExtCommonController.class.php 第 39 行.
NOTIC: [2048] Non-static method Common\Controller\DxFunction::checkNotAuth() should not be called statically, assuming $this from incompatible context C:\yzp\secret\minephp\app\Common\Controller\DxExtCommonController.class.php 第 40 行.
NOTIC: [2048] Non-static method Common\Controller\DxFunction::checkInNotArray() should not be called statically, assuming $this from incompatible context C:\yzp\secret\minephp\app\Common\Controller\DxFunction.class.php 第 206 行.
INFO: [ view_parse ] --START--
INFO: [ template_filter ] --START--
INFO: Run Behavior\ContentReplaceBehavior [ RunTime:0.000113s ]
INFO: [ template_filter ] --END-- [ RunTime:0.000324s ]
INFO: Run Behavior\ParseTemplateBehavior [ RunTime:0.012109s ]
INFO: [ view_parse ] --END-- [ RunTime:0.012393s ]
INFO: [ view_filter ] --START--
INFO: Run Behavior\WriteHtmlCacheBehavior [ RunTime:0.000978s ]
INFO: [ view_filter ] --END-- [ RunTime:0.001274s ]
INFO: [ app_end ] --START--
INFO: Run Behavior\ShowPageTraceBehavior [ RunTime:0.001679s ]
INFO: [ app_end ] --END-- [ RunTime:0.001867s ]

[ 2015-09-06T07:38:29+08:00 ] ::1 /Home/Public/login
INFO: [ app_init ] --START--
INFO: Run Behavior\BuildLiteBehavior [ RunTime:0.000026s ]
INFO: [ app_init ] --END-- [ RunTime:0.000184s ]
INFO: [ app_begin ] --START--
INFO: Run Behavior\ReadHtmlCacheBehavior [ RunTime:0.000947s ]
INFO: [ app_begin ] --END-- [ RunTime:0.001073s ]
NOTIC: [8192] mysql_connect(): The mysql extension is deprecated and will be removed in the future: use mysqli or PDO instead C:\yzp\secret\minephp\ppker\Core\Library\Think\Session\Driver\Db.class.php 第 95 行.
SQL: SHOW COLUMNS FROM `operation_log` [ RunTime:0.0239s ]
NOTIC: [8] Undefined index: allController C:\yzp\secret\minephp\app\Common\Controller\DxExtCommonController.class.php 第 150 行.
NOTIC: [2] array_values() expects parameter 1 to be array, null given C:\yzp\secret\minephp\app\Common\Controller\DxExtCommonController.class.php 第 156 行.
NOTIC: [8] Undefined index: real_name C:\yzp\secret\minephp\app\Common\Controller\DxExtCommonController.class.php 第 163 行.
NOTIC: [8] Undefined index: account_id C:\yzp\secret\minephp\app\Common\Controller\DxExtCommonController.class.php 第 167 行.
NOTIC: [2048] Non-static method Common\Controller\DxFunction::getModuleControllerForMe() should not be called statically, assuming $this from incompatible context C:\yzp\secret\minephp\app\Common\Controller\DxExtCommonController.class.php 第 39 行.
NOTIC: [2048] Non-static method Common\Controller\DxFunction::checkNotAuth() should not be called statically, assuming $this from incompatible context C:\yzp\secret\minephp\app\Common\Controller\DxExtCommonController.class.php 第 40 行.
NOTIC: [2048] Non-static method Common\Controller\DxFunction::checkInNotArray() should not be called statically, assuming $this from incompatible context C:\yzp\secret\minephp\app\Common\Controller\DxFunction.class.php 第 206 行.
INFO: [ view_parse ] --START--
INFO: [ template_filter ] --START--
INFO: Run Behavior\ContentReplaceBehavior [ RunTime:0.000086s ]
INFO: [ template_filter ] --END-- [ RunTime:0.000250s ]
INFO: Run Behavior\ParseTemplateBehavior [ RunTime:0.009330s ]
INFO: [ view_parse ] --END-- [ RunTime:0.009522s ]
INFO: [ view_filter ] --START--
INFO: Run Behavior\WriteHtmlCacheBehavior [ RunTime:0.000701s ]
INFO: [ view_filter ] --END-- [ RunTime:0.000855s ]
INFO: [ app_end ] --START--
INFO: Run Behavior\ShowPageTraceBehavior [ RunTime:0.000972s ]
INFO: [ app_end ] --END-- [ RunTime:0.001112s ]

